-------------------------------------------------
START GIT upload script at 2023-01-24_19:55:53
-------------------------------------------------
fatal: could not read Username for 'https://github.com': No such device or address
-------------------------------------------------
DONE with GIT upload script at 2023-01-24_19:55:55
-------------------------------------------------
-------------------------------------------------
START GIT upload script at 2023-01-24_19:57:00
-------------------------------------------------
remote: 
remote: Create a pull request for 'main' on GitHub by visiting:        
remote:      https://github.com/diySascha/Vyper_Klipper/pull/new/main        
remote: 
To https://github.com/diySascha/Vyper_Klipper.git
 * [new branch]      main -> main
-------------------------------------------------
DONE with GIT upload script at 2023-01-24_19:57:13
-------------------------------------------------
-------------------------------------------------
START GIT upload script at 2023-01-24_19:58:48
-------------------------------------------------
error: src refspec main does not match any
error: failed to push some refs to 'https://github.com/diySascha/Vyper_Klipper.git'
-------------------------------------------------
DONE with GIT upload script at 2023-01-24_19:58:50
-------------------------------------------------
-------------------------------------------------
START GIT upload script at 2023-01-24_20:00:29
-------------------------------------------------
