[master 4c967e9] Backup_2023_02_20
 4 files changed, 37 insertions(+), 16 deletions(-)
GIT Repo adress: https://github.com/diySascha/Vyper_Klipper
-------------------------------------------------
DONE with GIT upload script at 2023-02-20_00:44:43
-------------------------------------------------
-------------------------------------------------
START GIT upload script at 2023-05-26_22:23:12
-------------------------------------------------
origin	ssh://git@github.com/diySascha/Vyper_Klipper.git (fetch)
origin	ssh://git@github.com/diySascha/Vyper_Klipper.git (push)
origin	ssh://git@github.com/diySascha/Vyper_Klipper.git (fetch)
origin	ssh://git@github.com/diySascha/Vyper_Klipper.git (push)
Reinitialized existing Git repository in /home/pi/printer_data/config/.git/
[master 4e876ee] Backup_2023_05_26
 7 files changed, 198 insertions(+), 25 deletions(-)
 create mode 100644 crowsnest.conf.2023-05-26-2211
GIT Repo adress: https://github.com/diySascha/Vyper_Klipper
-------------------------------------------------
DONE with GIT upload script at 2023-05-26_22:23:15
-------------------------------------------------
-------------------------------------------------
START GIT upload script at 2023-05-26_22:23:30
-------------------------------------------------
origin	ssh://git@github.com/diySascha/Vyper_Klipper.git (fetch)
origin	ssh://git@github.com/diySascha/Vyper_Klipper.git (push)
origin	ssh://git@github.com/diySascha/Vyper_Klipper.git (fetch)
origin	ssh://git@github.com/diySascha/Vyper_Klipper.git (push)
Reinitialized existing Git repository in /home/pi/printer_data/config/.git/
[master f691a71] Backup_2023_05_26
 3 files changed, 24 insertions(+), 59 deletions(-)
 delete mode 100644 crowsnest.conf.2023-05-26-2211
GIT Repo adress: https://github.com/diySascha/Vyper_Klipper
-------------------------------------------------
DONE with GIT upload script at 2023-05-26_22:23:33
-------------------------------------------------
-------------------------------------------------
START GIT upload script at 2023-05-30_20:05:39
-------------------------------------------------
origin	ssh://git@github.com/diySascha/Vyper_Klipper.git (fetch)
origin	ssh://git@github.com/diySascha/Vyper_Klipper.git (push)
origin	ssh://git@github.com/diySascha/Vyper_Klipper.git (fetch)
origin	ssh://git@github.com/diySascha/Vyper_Klipper.git (push)
Reinitialized existing Git repository in /home/pi/printer_data/config/.git/
[master ad72431] Backup_2023_05_30
 4 files changed, 37 insertions(+), 24 deletions(-)
GIT Repo adress: https://github.com/diySascha/Vyper_Klipper
-------------------------------------------------
DONE with GIT upload script at 2023-05-30_20:05:42
-------------------------------------------------
-------------------------------------------------
START GIT upload script at 2023-10-09_09:44:21
-------------------------------------------------
origin	ssh://git@github.com/diySascha/Vyper_Klipper.git (fetch)
origin	ssh://git@github.com/diySascha/Vyper_Klipper.git (push)
origin	ssh://git@github.com/diySascha/Vyper_Klipper.git (fetch)
origin	ssh://git@github.com/diySascha/Vyper_Klipper.git (push)
Reinitialized existing Git repository in /home/pi/printer_data/config/.git/
[main 0cd74a2] Backup_2023_10_09
 6 files changed, 64 insertions(+), 94 deletions(-)
 delete mode 100644 .moonraker.conf.bkp
GIT Repo adress: https://github.com/diySascha/Vyper_Klipper
-------------------------------------------------
DONE with GIT upload script at 2023-10-09_09:44:24
-------------------------------------------------
-------------------------------------------------
START GIT upload script at 2023-10-09_09:49:40
-------------------------------------------------
origin	ssh://git@github.com/diySascha/Vyper_Klipper.git (fetch)
origin	ssh://git@github.com/diySascha/Vyper_Klipper.git (push)
origin	ssh://git@github.com/diySascha/Vyper_Klipper.git (fetch)
origin	ssh://git@github.com/diySascha/Vyper_Klipper.git (push)
Reinitialized existing Git repository in /home/pi/printer_data/config/.git/
