  adding: config/.git/objects/c2/ (stored 0%)
  adding: config/.git/objects/c2/077b78dc164a6ca176d83381d2de316d4a8701 (stored 0%)
  adding: config/.git/objects/14/ (stored 0%)
  adding: config/.git/objects/14/91a15843bb161f4580689dac153ddbef6c057c (stored 0%)
  adding: config/.git/objects/81/ (stored 0%)
  adding: config/.git/objects/81/6efbad74556fcdd0a408b677c935bc746af117 (stored 0%)
  adding: config/.git/branches/ (stored 0%)
  adding: config/.git/description (deflated 14%)
  adding: config/.git/logs/ (stored 0%)
  adding: config/.git/logs/HEAD (deflated 89%)
  adding: config/.git/logs/refs/ (stored 0%)
  adding: config/.git/logs/refs/heads/ (stored 0%)
  adding: config/.git/logs/refs/heads/master (deflated 86%)
  adding: config/.git/logs/refs/remotes/ (stored 0%)
  adding: config/.git/logs/refs/remotes/origin/ (stored 0%)
  adding: config/.git/logs/refs/remotes/origin/master (deflated 27%)
  adding: config/.git/hooks/ (stored 0%)
  adding: config/.git/hooks/post-update.sample (deflated 27%)
  adding: config/.git/hooks/pre-rebase.sample (deflated 59%)
  adding: config/.git/hooks/push-to-checkout.sample (deflated 55%)
  adding: config/.git/hooks/prepare-commit-msg.sample (deflated 50%)
  adding: config/.git/hooks/pre-applypatch.sample (deflated 38%)
  adding: config/.git/hooks/fsmonitor-watchman.sample (deflated 62%)
  adding: config/.git/hooks/pre-push.sample (deflated 49%)
  adding: config/.git/hooks/commit-msg.sample (deflated 44%)
  adding: config/.git/hooks/applypatch-msg.sample (deflated 42%)
  adding: config/.git/hooks/pre-commit.sample (deflated 45%)
  adding: config/.git/hooks/update.sample (deflated 68%)
  adding: config/.git/hooks/pre-merge-commit.sample (deflated 39%)
  adding: config/.git/hooks/pre-receive.sample (deflated 40%)
  adding: config/.git/FETCH_HEAD (deflated 4%)
  adding: config/.git/refs/ (stored 0%)
  adding: config/.git/refs/heads/ (stored 0%)
  adding: config/.git/refs/heads/master (stored 0%)
  adding: config/.git/refs/tags/ (stored 0%)
  adding: config/.git/refs/remotes/ (stored 0%)
  adding: config/.git/refs/remotes/origin/ (stored 0%)
  adding: config/.git/refs/remotes/origin/master (stored 0%)
  adding: config/.scripts/ (stored 0%)
  adding: config/.scripts/script_calc_res_y.sh (deflated 18%)
  adding: config/.scripts/script_calc_res_x_y.sh (deflated 53%)
  adding: config/.scripts/backup_NAS.sh (deflated 76%)
  adding: config/.scripts/backup_GIT.sh (deflated 88%)
  adding: config/.scripts/script_calc_res_x.sh (deflated 18%)
  adding: database/ (stored 0%)
  adding: database/data.mdb (deflated 91%)
  adding: database/lock.mdb (deflated 99%)
  adding: logs/ (stored 0%)
  adding: logs/mainsail-error.log (deflated 82%)
  adding: logs/moonraker.log.2023-01-22 (deflated 87%)
  adding: logs/crowsnest.log (deflated 96%)
  adding: logs/klippy.log.2023-01-20 (deflated 90%)
  adding: logs/klippy.log (deflated 88%)
  adding: logs/moonraker.log.2023-01-23 (deflated 90%)
  adding: logs/crowsnest.log.2023-01-24 (deflated 96%)
  adding: logs/moonraker.log (deflated 89%)
  adding: logs/klippy.log.2023-01-22 (deflated 88%)
  adding: logs/klippy.log.2023-01-23 (deflated 90%)
  adding: logs/telegram.log (deflated 98%)
  adding: logs/klippy.log.2023-01-19 (deflated 90%)
  adding: logs/crowsnest.log.2023-01-23 (deflated 96%)
  adding: logs/klippy.log.2023-01-21 (deflated 90%)
  adding: logs/mainsail-access.log (deflated 95%)
  adding: logs/KlipperScreen.log (deflated 92%)
  adding: logs/crowsnest.log.2023-01-22 (deflated 96%)
